INFO [2025-07-24 18:24:54] $x
INFO [2025-07-24 18:24:54] sets
INFO [2025-07-24 18:24:54] 
INFO [2025-07-24 18:24:54] $category.names
INFO [2025-07-24 18:24:54] category_names_with_n
INFO [2025-07-24 18:24:54] 
INFO [2025-07-24 18:24:54] $filename
INFO [2025-07-24 18:24:54] file_path
INFO [2025-07-24 18:24:54] 
INFO [2025-07-24 18:24:54] $imagetype
INFO [2025-07-24 18:24:54] [1] "png"
INFO [2025-07-24 18:24:54] 
INFO [2025-07-24 18:24:54] $height
INFO [2025-07-24 18:24:54] [1] 3000
INFO [2025-07-24 18:24:54] 
INFO [2025-07-24 18:24:54] $width
INFO [2025-07-24 18:24:54] [1] 3000
INFO [2025-07-24 18:24:54] 
INFO [2025-07-24 18:24:54] $resolution
INFO [2025-07-24 18:24:54] [1] 600
INFO [2025-07-24 18:24:54] 
INFO [2025-07-24 18:24:54] $cex
INFO [2025-07-24 18:24:54] [1] 1.4
INFO [2025-07-24 18:24:54] 
INFO [2025-07-24 18:24:54] $cat.cex
INFO [2025-07-24 18:24:54] [1] 0.8
INFO [2025-07-24 18:24:54] 
INFO [2025-07-24 18:24:54] $fill
INFO [2025-07-24 18:24:54] brewer.pal(3, "Set2")
INFO [2025-07-24 18:24:54] 
INFO [2025-07-24 18:24:54] $cat.pos
INFO [2025-07-24 18:24:54] label_angle
INFO [2025-07-24 18:24:54] 
INFO [2025-07-24 18:24:54] $cat.dist
INFO [2025-07-24 18:24:54] label_dist
INFO [2025-07-24 18:24:54] 
INFO [2025-07-24 18:24:54] $margin
INFO [2025-07-24 18:24:54] [1] 0.1
INFO [2025-07-24 18:24:54] 
INFO [2025-07-24 18:24:54] $col
INFO [2025-07-24 18:24:54] [1] "black"
INFO [2025-07-24 18:24:54] 
INFO [2025-07-24 18:24:54] $fontface
INFO [2025-07-24 18:24:54] [1] "bold"
INFO [2025-07-24 18:24:54] 
INFO [2025-07-24 18:24:54] $fontfamily
INFO [2025-07-24 18:24:54] [1] "Arial"
INFO [2025-07-24 18:24:54] 
INFO [2025-07-24 18:24:54] $cat.fontface
INFO [2025-07-24 18:24:54] [1] "bold"
INFO [2025-07-24 18:24:54] 
INFO [2025-07-24 18:24:54] $cat.fontfamily
INFO [2025-07-24 18:24:54] [1] "Arial"
INFO [2025-07-24 18:24:54] 
INFO [2025-07-24 18:24:54] $cat.col
INFO [2025-07-24 18:24:54] rep("black", length(sets))
INFO [2025-07-24 18:24:54] 
