INFO [2025-07-24 18:24:51] $x
INFO [2025-07-24 18:24:51] sets
INFO [2025-07-24 18:24:51] 
INFO [2025-07-24 18:24:51] $category.names
INFO [2025-07-24 18:24:51] category_names_with_n
INFO [2025-07-24 18:24:51] 
INFO [2025-07-24 18:24:51] $filename
INFO [2025-07-24 18:24:51] file_path
INFO [2025-07-24 18:24:51] 
INFO [2025-07-24 18:24:51] $imagetype
INFO [2025-07-24 18:24:51] [1] "png"
INFO [2025-07-24 18:24:51] 
INFO [2025-07-24 18:24:51] $height
INFO [2025-07-24 18:24:51] [1] 3000
INFO [2025-07-24 18:24:51] 
INFO [2025-07-24 18:24:51] $width
INFO [2025-07-24 18:24:51] [1] 3000
INFO [2025-07-24 18:24:51] 
INFO [2025-07-24 18:24:51] $resolution
INFO [2025-07-24 18:24:51] [1] 600
INFO [2025-07-24 18:24:51] 
INFO [2025-07-24 18:24:51] $cex
INFO [2025-07-24 18:24:51] [1] 1.4
INFO [2025-07-24 18:24:51] 
INFO [2025-07-24 18:24:51] $cat.cex
INFO [2025-07-24 18:24:51] [1] 0.8
INFO [2025-07-24 18:24:51] 
INFO [2025-07-24 18:24:51] $fill
INFO [2025-07-24 18:24:51] brewer.pal(3, "Set2")
INFO [2025-07-24 18:24:51] 
INFO [2025-07-24 18:24:51] $cat.pos
INFO [2025-07-24 18:24:51] label_angle
INFO [2025-07-24 18:24:51] 
INFO [2025-07-24 18:24:51] $cat.dist
INFO [2025-07-24 18:24:51] label_dist
INFO [2025-07-24 18:24:51] 
INFO [2025-07-24 18:24:51] $margin
INFO [2025-07-24 18:24:51] [1] 0.1
INFO [2025-07-24 18:24:51] 
INFO [2025-07-24 18:24:51] $col
INFO [2025-07-24 18:24:51] [1] "black"
INFO [2025-07-24 18:24:51] 
INFO [2025-07-24 18:24:51] $fontface
INFO [2025-07-24 18:24:51] [1] "bold"
INFO [2025-07-24 18:24:51] 
INFO [2025-07-24 18:24:51] $fontfamily
INFO [2025-07-24 18:24:51] [1] "Arial"
INFO [2025-07-24 18:24:51] 
INFO [2025-07-24 18:24:51] $cat.fontface
INFO [2025-07-24 18:24:51] [1] "bold"
INFO [2025-07-24 18:24:51] 
INFO [2025-07-24 18:24:51] $cat.fontfamily
INFO [2025-07-24 18:24:51] [1] "Arial"
INFO [2025-07-24 18:24:51] 
INFO [2025-07-24 18:24:51] $cat.col
INFO [2025-07-24 18:24:51] rep("black", length(sets))
INFO [2025-07-24 18:24:51] 
