INFO [2025-07-24 18:24:52] $x
INFO [2025-07-24 18:24:52] sets
INFO [2025-07-24 18:24:52] 
INFO [2025-07-24 18:24:52] $category.names
INFO [2025-07-24 18:24:52] category_names_with_n
INFO [2025-07-24 18:24:52] 
INFO [2025-07-24 18:24:52] $filename
INFO [2025-07-24 18:24:52] file_path
INFO [2025-07-24 18:24:52] 
INFO [2025-07-24 18:24:52] $imagetype
INFO [2025-07-24 18:24:52] [1] "png"
INFO [2025-07-24 18:24:52] 
INFO [2025-07-24 18:24:52] $height
INFO [2025-07-24 18:24:52] [1] 3000
INFO [2025-07-24 18:24:52] 
INFO [2025-07-24 18:24:52] $width
INFO [2025-07-24 18:24:52] [1] 3000
INFO [2025-07-24 18:24:52] 
INFO [2025-07-24 18:24:52] $resolution
INFO [2025-07-24 18:24:52] [1] 600
INFO [2025-07-24 18:24:52] 
INFO [2025-07-24 18:24:52] $cex
INFO [2025-07-24 18:24:52] [1] 1.4
INFO [2025-07-24 18:24:52] 
INFO [2025-07-24 18:24:52] $cat.cex
INFO [2025-07-24 18:24:52] [1] 0.8
INFO [2025-07-24 18:24:52] 
INFO [2025-07-24 18:24:52] $fill
INFO [2025-07-24 18:24:52] brewer.pal(3, "Set2")
INFO [2025-07-24 18:24:52] 
INFO [2025-07-24 18:24:52] $cat.pos
INFO [2025-07-24 18:24:52] label_angle
INFO [2025-07-24 18:24:52] 
INFO [2025-07-24 18:24:52] $cat.dist
INFO [2025-07-24 18:24:52] label_dist
INFO [2025-07-24 18:24:52] 
INFO [2025-07-24 18:24:52] $margin
INFO [2025-07-24 18:24:52] [1] 0.1
INFO [2025-07-24 18:24:52] 
INFO [2025-07-24 18:24:52] $col
INFO [2025-07-24 18:24:52] [1] "black"
INFO [2025-07-24 18:24:52] 
INFO [2025-07-24 18:24:52] $fontface
INFO [2025-07-24 18:24:52] [1] "bold"
INFO [2025-07-24 18:24:52] 
INFO [2025-07-24 18:24:52] $fontfamily
INFO [2025-07-24 18:24:52] [1] "Arial"
INFO [2025-07-24 18:24:52] 
INFO [2025-07-24 18:24:52] $cat.fontface
INFO [2025-07-24 18:24:52] [1] "bold"
INFO [2025-07-24 18:24:52] 
INFO [2025-07-24 18:24:52] $cat.fontfamily
INFO [2025-07-24 18:24:52] [1] "Arial"
INFO [2025-07-24 18:24:52] 
INFO [2025-07-24 18:24:52] $cat.col
INFO [2025-07-24 18:24:52] rep("black", length(sets))
INFO [2025-07-24 18:24:52] 
