INFO [2025-07-24 18:24:53] $x
INFO [2025-07-24 18:24:53] sets
INFO [2025-07-24 18:24:53] 
INFO [2025-07-24 18:24:53] $category.names
INFO [2025-07-24 18:24:53] category_names_with_n
INFO [2025-07-24 18:24:53] 
INFO [2025-07-24 18:24:53] $filename
INFO [2025-07-24 18:24:53] file_path
INFO [2025-07-24 18:24:53] 
INFO [2025-07-24 18:24:53] $imagetype
INFO [2025-07-24 18:24:53] [1] "png"
INFO [2025-07-24 18:24:53] 
INFO [2025-07-24 18:24:53] $height
INFO [2025-07-24 18:24:53] [1] 3000
INFO [2025-07-24 18:24:53] 
INFO [2025-07-24 18:24:53] $width
INFO [2025-07-24 18:24:53] [1] 3000
INFO [2025-07-24 18:24:53] 
INFO [2025-07-24 18:24:53] $resolution
INFO [2025-07-24 18:24:53] [1] 600
INFO [2025-07-24 18:24:53] 
INFO [2025-07-24 18:24:53] $cex
INFO [2025-07-24 18:24:53] [1] 1.4
INFO [2025-07-24 18:24:53] 
INFO [2025-07-24 18:24:53] $cat.cex
INFO [2025-07-24 18:24:53] [1] 0.8
INFO [2025-07-24 18:24:53] 
INFO [2025-07-24 18:24:53] $fill
INFO [2025-07-24 18:24:53] brewer.pal(3, "Set2")
INFO [2025-07-24 18:24:53] 
INFO [2025-07-24 18:24:53] $cat.pos
INFO [2025-07-24 18:24:53] label_angle
INFO [2025-07-24 18:24:53] 
INFO [2025-07-24 18:24:53] $cat.dist
INFO [2025-07-24 18:24:53] label_dist
INFO [2025-07-24 18:24:53] 
INFO [2025-07-24 18:24:53] $margin
INFO [2025-07-24 18:24:53] [1] 0.1
INFO [2025-07-24 18:24:53] 
INFO [2025-07-24 18:24:53] $col
INFO [2025-07-24 18:24:53] [1] "black"
INFO [2025-07-24 18:24:53] 
INFO [2025-07-24 18:24:53] $fontface
INFO [2025-07-24 18:24:53] [1] "bold"
INFO [2025-07-24 18:24:53] 
INFO [2025-07-24 18:24:53] $fontfamily
INFO [2025-07-24 18:24:53] [1] "Arial"
INFO [2025-07-24 18:24:53] 
INFO [2025-07-24 18:24:53] $cat.fontface
INFO [2025-07-24 18:24:53] [1] "bold"
INFO [2025-07-24 18:24:53] 
INFO [2025-07-24 18:24:53] $cat.fontfamily
INFO [2025-07-24 18:24:53] [1] "Arial"
INFO [2025-07-24 18:24:53] 
INFO [2025-07-24 18:24:53] $cat.col
INFO [2025-07-24 18:24:53] rep("black", length(sets))
INFO [2025-07-24 18:24:53] 
