Start processing SRR14128131 at 2025-01-11 11:25:11.744607
Total UniRef90 IDs: 121502
Processing chunk 1 with 500 IDs...
Chunk 1 completed successfully.
Processing chunk 2 with 500 IDs...
Chunk 2 completed successfully.
Processing chunk 3 with 500 IDs...
Chunk 3 completed successfully.
Processing chunk 4 with 500 IDs...
Chunk 4 completed successfully.
Processing chunk 5 with 500 IDs...
Chunk 5 completed successfully.
Processing chunk 6 with 500 IDs...
Chunk 6 completed successfully.
Processing chunk 7 with 500 IDs...
Chunk 7 completed successfully.
Processing chunk 8 with 500 IDs...
Chunk 8 completed successfully.
Processing chunk 9 with 500 IDs...
Chunk 9 completed successfully.
Processing chunk 10 with 500 IDs...
Chunk 10 completed successfully.
Processing chunk 11 with 500 IDs...
Chunk 11 completed successfully.
Processing chunk 12 with 500 IDs...
Chunk 12 completed successfully.
Processing chunk 13 with 500 IDs...
Chunk 13 completed successfully.
Processing chunk 14 with 500 IDs...
Chunk 14 completed successfully.
Processing chunk 15 with 500 IDs...
Chunk 15 completed successfully.
Processing chunk 16 with 500 IDs...
Chunk 16 completed successfully.
Processing chunk 17 with 500 IDs...
Chunk 17 completed successfully.
Processing chunk 18 with 500 IDs...
Chunk 18 completed successfully.
Processing chunk 19 with 500 IDs...
Chunk 19 completed successfully.
Processing chunk 20 with 500 IDs...
Chunk 20 completed successfully.
Processing chunk 21 with 500 IDs...
Chunk 21 completed successfully.
Processing chunk 22 with 500 IDs...
Chunk 22 completed successfully.
Processing chunk 23 with 500 IDs...
Chunk 23 completed successfully.
Processing chunk 24 with 500 IDs...
Chunk 24 completed successfully.
Processing chunk 25 with 500 IDs...
Chunk 25 completed successfully.
Processing chunk 26 with 500 IDs...
Chunk 26 completed successfully.
Processing chunk 27 with 500 IDs...
Chunk 27 completed successfully.
Processing chunk 28 with 500 IDs...
Chunk 28 completed successfully.
Processing chunk 29 with 500 IDs...
Chunk 29 completed successfully.
Processing chunk 30 with 500 IDs...
Chunk 30 completed successfully.
Processing chunk 31 with 500 IDs...
Chunk 31 completed successfully.
Processing chunk 32 with 500 IDs...
Chunk 32 completed successfully.
Processing chunk 33 with 500 IDs...
Chunk 33 completed successfully.
Processing chunk 34 with 500 IDs...
Chunk 34 completed successfully.
Processing chunk 35 with 500 IDs...
Chunk 35 completed successfully.
Processing chunk 36 with 500 IDs...
Chunk 36 completed successfully.
Processing chunk 37 with 500 IDs...
Chunk 37 completed successfully.
Processing chunk 38 with 500 IDs...
Chunk 38 completed successfully.
Processing chunk 39 with 500 IDs...
Chunk 39 completed successfully.
Processing chunk 40 with 500 IDs...
Chunk 40 completed successfully.
Processing chunk 41 with 500 IDs...
Chunk 41 completed successfully.
Processing chunk 42 with 500 IDs...
Chunk 42 completed successfully.
Processing chunk 43 with 500 IDs...
Chunk 43 completed successfully.
Processing chunk 44 with 500 IDs...
Chunk 44 completed successfully.
Processing chunk 45 with 500 IDs...
Chunk 45 completed successfully.
Processing chunk 46 with 500 IDs...
Chunk 46 completed successfully.
Processing chunk 47 with 500 IDs...
Chunk 47 completed successfully.
Processing chunk 48 with 500 IDs...
Chunk 48 completed successfully.
Processing chunk 49 with 500 IDs...
Chunk 49 completed successfully.
Processing chunk 50 with 500 IDs...
Chunk 50 completed successfully.
Processing chunk 51 with 500 IDs...
Chunk 51 completed successfully.
Processing chunk 52 with 500 IDs...
Chunk 52 completed successfully.
Processing chunk 53 with 500 IDs...
Chunk 53 completed successfully.
Processing chunk 54 with 500 IDs...
Chunk 54 completed successfully.
Processing chunk 55 with 500 IDs...
Chunk 55 completed successfully.
Processing chunk 56 with 500 IDs...
Chunk 56 completed successfully.
Processing chunk 57 with 500 IDs...
Chunk 57 completed successfully.
Processing chunk 58 with 500 IDs...
Chunk 58 completed successfully.
Processing chunk 59 with 500 IDs...
Chunk 59 completed successfully.
Processing chunk 60 with 500 IDs...
Chunk 60 completed successfully.
Processing chunk 61 with 500 IDs...
Chunk 61 completed successfully.
Processing chunk 62 with 500 IDs...
Chunk 62 completed successfully.
Processing chunk 63 with 500 IDs...
Chunk 63 completed successfully.
Processing chunk 64 with 500 IDs...
Chunk 64 completed successfully.
Processing chunk 65 with 500 IDs...
Chunk 65 completed successfully.
Processing chunk 66 with 500 IDs...
Chunk 66 completed successfully.
Processing chunk 67 with 500 IDs...
Chunk 67 completed successfully.
Processing chunk 68 with 500 IDs...
Chunk 68 completed successfully.
Processing chunk 69 with 500 IDs...
Chunk 69 completed successfully.
Processing chunk 70 with 500 IDs...
Chunk 70 completed successfully.
Processing chunk 71 with 500 IDs...
Chunk 71 completed successfully.
Processing chunk 72 with 500 IDs...
Chunk 72 completed successfully.
Processing chunk 73 with 500 IDs...
Chunk 73 completed successfully.
Processing chunk 74 with 500 IDs...
Chunk 74 completed successfully.
Processing chunk 75 with 500 IDs...
Chunk 75 completed successfully.
Processing chunk 76 with 500 IDs...
Chunk 76 completed successfully.
Processing chunk 77 with 500 IDs...
Chunk 77 completed successfully.
Processing chunk 78 with 500 IDs...
Chunk 78 completed successfully.
Processing chunk 79 with 500 IDs...
Chunk 79 completed successfully.
Processing chunk 80 with 500 IDs...
Chunk 80 completed successfully.
Processing chunk 81 with 500 IDs...
Chunk 81 completed successfully.
Processing chunk 82 with 500 IDs...
Chunk 82 completed successfully.
Processing chunk 83 with 500 IDs...
Chunk 83 completed successfully.
Processing chunk 84 with 500 IDs...
Chunk 84 completed successfully.
Processing chunk 85 with 500 IDs...
Chunk 85 completed successfully.
Processing chunk 86 with 500 IDs...
Chunk 86 completed successfully.
Processing chunk 87 with 500 IDs...
Chunk 87 completed successfully.
Processing chunk 88 with 500 IDs...
Chunk 88 completed successfully.
Processing chunk 89 with 500 IDs...
Chunk 89 completed successfully.
Processing chunk 90 with 500 IDs...
Chunk 90 completed successfully.
Processing chunk 91 with 500 IDs...
Chunk 91 completed successfully.
Processing chunk 92 with 500 IDs...
Chunk 92 completed successfully.
Processing chunk 93 with 500 IDs...
Chunk 93 completed successfully.
Processing chunk 94 with 500 IDs...
Chunk 94 completed successfully.
Processing chunk 95 with 500 IDs...
Chunk 95 completed successfully.
Processing chunk 96 with 500 IDs...
Chunk 96 completed successfully.
Processing chunk 97 with 500 IDs...
Chunk 97 completed successfully.
Processing chunk 98 with 500 IDs...
Chunk 98 completed successfully.
Processing chunk 99 with 500 IDs...
Chunk 99 completed successfully.
Processing chunk 100 with 500 IDs...
Chunk 100 completed successfully.
Processing chunk 101 with 500 IDs...
Chunk 101 completed successfully.
Processing chunk 102 with 500 IDs...
Chunk 102 completed successfully.
Processing chunk 103 with 500 IDs...
Chunk 103 completed successfully.
Processing chunk 104 with 500 IDs...
Chunk 104 completed successfully.
Processing chunk 105 with 500 IDs...
Chunk 105 completed successfully.
Processing chunk 106 with 500 IDs...
Chunk 106 completed successfully.
Processing chunk 107 with 500 IDs...
Chunk 107 completed successfully.
Processing chunk 108 with 500 IDs...
Chunk 108 completed successfully.
Processing chunk 109 with 500 IDs...
Chunk 109 completed successfully.
Processing chunk 110 with 500 IDs...
Chunk 110 completed successfully.
Processing chunk 111 with 500 IDs...
Chunk 111 completed successfully.
Processing chunk 112 with 500 IDs...
Chunk 112 completed successfully.
Processing chunk 113 with 500 IDs...
Chunk 113 completed successfully.
Processing chunk 114 with 500 IDs...
Chunk 114 completed successfully.
Processing chunk 115 with 500 IDs...
Chunk 115 completed successfully.
Processing chunk 116 with 500 IDs...
Chunk 116 completed successfully.
Processing chunk 117 with 500 IDs...
Chunk 117 completed successfully.
Processing chunk 118 with 500 IDs...
Chunk 118 completed successfully.
Processing chunk 119 with 500 IDs...
Chunk 119 completed successfully.
Processing chunk 120 with 500 IDs...
Chunk 120 completed successfully.
Processing chunk 121 with 500 IDs...
Chunk 121 completed successfully.
Processing chunk 122 with 500 IDs...
Chunk 122 completed successfully.
Processing chunk 123 with 500 IDs...
Chunk 123 completed successfully.
Processing chunk 124 with 500 IDs...
Chunk 124 completed successfully.
Processing chunk 125 with 500 IDs...
Chunk 125 completed successfully.
Processing chunk 126 with 500 IDs...
Chunk 126 completed successfully.
Processing chunk 127 with 500 IDs...
Chunk 127 completed successfully.
Processing chunk 128 with 500 IDs...
Chunk 128 completed successfully.
Processing chunk 129 with 500 IDs...
Chunk 129 completed successfully.
Processing chunk 130 with 500 IDs...
Chunk 130 completed successfully.
Processing chunk 131 with 500 IDs...
Chunk 131 completed successfully.
Processing chunk 132 with 500 IDs...
Chunk 132 completed successfully.
Processing chunk 133 with 500 IDs...
Chunk 133 completed successfully.
Processing chunk 134 with 500 IDs...
Chunk 134 completed successfully.
Processing chunk 135 with 500 IDs...
Chunk 135 completed successfully.
Processing chunk 136 with 500 IDs...
Chunk 136 completed successfully.
Processing chunk 137 with 500 IDs...
Chunk 137 completed successfully.
Processing chunk 138 with 500 IDs...
Chunk 138 completed successfully.
Processing chunk 139 with 500 IDs...
Chunk 139 completed successfully.
Processing chunk 140 with 500 IDs...
Chunk 140 completed successfully.
Processing chunk 141 with 500 IDs...
Chunk 141 completed successfully.
Processing chunk 142 with 500 IDs...
Chunk 142 completed successfully.
Processing chunk 143 with 500 IDs...
Chunk 143 completed successfully.
Processing chunk 144 with 500 IDs...
Chunk 144 completed successfully.
Processing chunk 145 with 500 IDs...
Chunk 145 completed successfully.
Processing chunk 146 with 500 IDs...
Chunk 146 completed successfully.
Processing chunk 147 with 500 IDs...
Chunk 147 completed successfully.
Processing chunk 148 with 500 IDs...
Chunk 148 completed successfully.
Processing chunk 149 with 500 IDs...
Chunk 149 completed successfully.
Processing chunk 150 with 500 IDs...
Chunk 150 completed successfully.
Processing chunk 151 with 500 IDs...
Chunk 151 completed successfully.
Processing chunk 152 with 500 IDs...
Chunk 152 completed successfully.
Processing chunk 153 with 500 IDs...
Chunk 153 completed successfully.
Processing chunk 154 with 500 IDs...
Chunk 154 completed successfully.
Processing chunk 155 with 500 IDs...
Chunk 155 completed successfully.
Processing chunk 156 with 500 IDs...
Chunk 156 completed successfully.
Processing chunk 157 with 500 IDs...
Chunk 157 completed successfully.
Processing chunk 158 with 500 IDs...
Chunk 158 completed successfully.
Processing chunk 159 with 500 IDs...
Chunk 159 completed successfully.
Processing chunk 160 with 500 IDs...
Chunk 160 completed successfully.
Processing chunk 161 with 500 IDs...
Chunk 161 completed successfully.
Processing chunk 162 with 500 IDs...
Chunk 162 completed successfully.
Processing chunk 163 with 500 IDs...
Chunk 163 completed successfully.
Processing chunk 164 with 500 IDs...
Chunk 164 completed successfully.
Processing chunk 165 with 500 IDs...
Chunk 165 completed successfully.
Processing chunk 166 with 500 IDs...
Chunk 166 completed successfully.
Processing chunk 167 with 500 IDs...
Chunk 167 completed successfully.
Processing chunk 168 with 500 IDs...
Chunk 168 completed successfully.
Processing chunk 169 with 500 IDs...
Chunk 169 completed successfully.
Processing chunk 170 with 500 IDs...
Chunk 170 completed successfully.
Processing chunk 171 with 500 IDs...
Chunk 171 completed successfully.
Processing chunk 172 with 500 IDs...
Chunk 172 completed successfully.
Processing chunk 173 with 500 IDs...
Chunk 173 completed successfully.
Processing chunk 174 with 500 IDs...
Chunk 174 completed successfully.
Processing chunk 175 with 500 IDs...
Chunk 175 completed successfully.
Processing chunk 176 with 500 IDs...
Chunk 176 completed successfully.
Processing chunk 177 with 500 IDs...
Chunk 177 completed successfully.
Processing chunk 178 with 500 IDs...
Chunk 178 completed successfully.
Processing chunk 179 with 500 IDs...
Chunk 179 completed successfully.
Processing chunk 180 with 500 IDs...
Chunk 180 completed successfully.
Processing chunk 181 with 500 IDs...
Chunk 181 completed successfully.
Processing chunk 182 with 500 IDs...
Chunk 182 completed successfully.
Processing chunk 183 with 500 IDs...
Chunk 183 completed successfully.
Processing chunk 184 with 500 IDs...
Chunk 184 completed successfully.
Processing chunk 185 with 500 IDs...
Chunk 185 completed successfully.
Processing chunk 186 with 500 IDs...
Chunk 186 completed successfully.
Processing chunk 187 with 500 IDs...
Chunk 187 completed successfully.
Processing chunk 188 with 500 IDs...
Chunk 188 completed successfully.
Processing chunk 189 with 500 IDs...
Chunk 189 completed successfully.
Processing chunk 190 with 500 IDs...
Chunk 190 completed successfully.
Processing chunk 191 with 500 IDs...
Chunk 191 completed successfully.
Processing chunk 192 with 500 IDs...
Chunk 192 completed successfully.
Processing chunk 193 with 500 IDs...
Chunk 193 completed successfully.
Processing chunk 194 with 500 IDs...
Chunk 194 completed successfully.
Processing chunk 195 with 500 IDs...
Chunk 195 completed successfully.
Processing chunk 196 with 500 IDs...
Chunk 196 completed successfully.
Processing chunk 197 with 500 IDs...
Chunk 197 completed successfully.
Processing chunk 198 with 500 IDs...
Chunk 198 completed successfully.
Processing chunk 199 with 500 IDs...
Chunk 199 completed successfully.
Processing chunk 200 with 500 IDs...
Chunk 200 completed successfully.
Processing chunk 201 with 500 IDs...
Chunk 201 completed successfully.
Processing chunk 202 with 500 IDs...
Chunk 202 completed successfully.
Processing chunk 203 with 500 IDs...
Chunk 203 completed successfully.
Processing chunk 204 with 500 IDs...
Chunk 204 completed successfully.
Processing chunk 205 with 500 IDs...
Chunk 205 completed successfully.
Processing chunk 206 with 500 IDs...
Chunk 206 completed successfully.
Processing chunk 207 with 500 IDs...
Chunk 207 completed successfully.
Processing chunk 208 with 500 IDs...
Chunk 208 completed successfully.
Processing chunk 209 with 500 IDs...
Chunk 209 completed successfully.
Processing chunk 210 with 500 IDs...
Chunk 210 completed successfully.
Processing chunk 211 with 500 IDs...
Chunk 211 completed successfully.
Processing chunk 212 with 500 IDs...
Chunk 212 completed successfully.
Processing chunk 213 with 500 IDs...
Chunk 213 completed successfully.
Processing chunk 214 with 500 IDs...
Chunk 214 completed successfully.
Processing chunk 215 with 500 IDs...
Chunk 215 completed successfully.
Processing chunk 216 with 500 IDs...
Chunk 216 completed successfully.
Processing chunk 217 with 500 IDs...
Chunk 217 completed successfully.
Processing chunk 218 with 500 IDs...
Chunk 218 completed successfully.
Processing chunk 219 with 500 IDs...
Chunk 219 completed successfully.
Processing chunk 220 with 500 IDs...
Chunk 220 completed successfully.
Processing chunk 221 with 500 IDs...
Chunk 221 completed successfully.
Processing chunk 222 with 500 IDs...
Chunk 222 completed successfully.
Processing chunk 223 with 500 IDs...
Chunk 223 completed successfully.
Processing chunk 224 with 500 IDs...
Chunk 224 completed successfully.
Processing chunk 225 with 500 IDs...
Chunk 225 completed successfully.
Processing chunk 226 with 500 IDs...
Chunk 226 completed successfully.
Processing chunk 227 with 500 IDs...
Chunk 227 completed successfully.
Processing chunk 228 with 500 IDs...
Chunk 228 completed successfully.
Processing chunk 229 with 500 IDs...
Chunk 229 completed successfully.
Processing chunk 230 with 500 IDs...
Chunk 230 completed successfully.
Processing chunk 231 with 500 IDs...
Chunk 231 completed successfully.
Processing chunk 232 with 500 IDs...
Chunk 232 completed successfully.
Processing chunk 233 with 500 IDs...
Chunk 233 completed successfully.
Processing chunk 234 with 500 IDs...
Chunk 234 completed successfully.
Processing chunk 235 with 500 IDs...
Chunk 235 completed successfully.
Processing chunk 236 with 500 IDs...
Chunk 236 completed successfully.
Processing chunk 237 with 500 IDs...
Chunk 237 completed successfully.
Processing chunk 238 with 500 IDs...
Chunk 238 completed successfully.
Processing chunk 239 with 500 IDs...
Chunk 239 completed successfully.
Processing chunk 240 with 500 IDs...
Chunk 240 completed successfully.
Processing chunk 241 with 500 IDs...
Chunk 241 completed successfully.
Processing chunk 242 with 500 IDs...
Chunk 242 completed successfully.
Processing chunk 243 with 500 IDs...
Chunk 243 completed successfully.
Processing chunk 244 with 2 IDs...
Chunk 244 completed successfully.
Finished processing SRR14128131 at 2025-01-11 11:29:15.645140
