Start processing SRR14128085 at 2025-01-11 11:49:45.950533
Total UniRef90 IDs: 4041
Processing chunk 1 with 500 IDs...
Chunk 1 completed successfully.
Processing chunk 2 with 500 IDs...
Chunk 2 completed successfully.
Processing chunk 3 with 500 IDs...
Chunk 3 completed successfully.
Processing chunk 4 with 500 IDs...
Chunk 4 completed successfully.
Processing chunk 5 with 500 IDs...
Chunk 5 completed successfully.
Processing chunk 6 with 500 IDs...
Chunk 6 completed successfully.
Processing chunk 7 with 500 IDs...
Chunk 7 completed successfully.
Processing chunk 8 with 500 IDs...
Chunk 8 completed successfully.
Processing chunk 9 with 41 IDs...
Chunk 9 completed successfully.
Finished processing SRR14128085 at 2025-01-11 11:50:00.833146
