Start processing SRR14128070 at 2025-01-11 11:42:43.847032
Total UniRef90 IDs: 37070
Processing chunk 1 with 500 IDs...
Chunk 1 completed successfully.
Processing chunk 2 with 500 IDs...
Chunk 2 completed successfully.
Processing chunk 3 with 500 IDs...
Chunk 3 completed successfully.
Processing chunk 4 with 500 IDs...
Chunk 4 completed successfully.
Processing chunk 5 with 500 IDs...
Chunk 5 completed successfully.
Processing chunk 6 with 500 IDs...
Chunk 6 completed successfully.
Processing chunk 7 with 500 IDs...
Chunk 7 completed successfully.
Processing chunk 8 with 500 IDs...
Chunk 8 completed successfully.
Processing chunk 9 with 500 IDs...
Chunk 9 completed successfully.
Processing chunk 10 with 500 IDs...
Chunk 10 completed successfully.
Processing chunk 11 with 500 IDs...
Chunk 11 completed successfully.
Processing chunk 12 with 500 IDs...
Chunk 12 completed successfully.
Processing chunk 13 with 500 IDs...
Chunk 13 completed successfully.
Processing chunk 14 with 500 IDs...
Chunk 14 completed successfully.
Processing chunk 15 with 500 IDs...
Chunk 15 completed successfully.
Processing chunk 16 with 500 IDs...
Chunk 16 completed successfully.
Processing chunk 17 with 500 IDs...
Chunk 17 completed successfully.
Processing chunk 18 with 500 IDs...
Chunk 18 completed successfully.
Processing chunk 19 with 500 IDs...
Chunk 19 completed successfully.
Processing chunk 20 with 500 IDs...
Chunk 20 completed successfully.
Processing chunk 21 with 500 IDs...
Chunk 21 completed successfully.
Processing chunk 22 with 500 IDs...
Chunk 22 completed successfully.
Processing chunk 23 with 500 IDs...
Chunk 23 completed successfully.
Processing chunk 24 with 500 IDs...
Chunk 24 completed successfully.
Processing chunk 25 with 500 IDs...
Chunk 25 completed successfully.
Processing chunk 26 with 500 IDs...
Chunk 26 completed successfully.
Processing chunk 27 with 500 IDs...
Chunk 27 completed successfully.
Processing chunk 28 with 500 IDs...
Chunk 28 completed successfully.
Processing chunk 29 with 500 IDs...
Chunk 29 completed successfully.
Processing chunk 30 with 500 IDs...
Chunk 30 completed successfully.
Processing chunk 31 with 500 IDs...
Chunk 31 completed successfully.
Processing chunk 32 with 500 IDs...
Chunk 32 completed successfully.
Processing chunk 33 with 500 IDs...
Chunk 33 completed successfully.
Processing chunk 34 with 500 IDs...
Chunk 34 completed successfully.
Processing chunk 35 with 500 IDs...
Chunk 35 completed successfully.
Processing chunk 36 with 500 IDs...
Chunk 36 completed successfully.
Processing chunk 37 with 500 IDs...
Chunk 37 completed successfully.
Processing chunk 38 with 500 IDs...
Chunk 38 completed successfully.
Processing chunk 39 with 500 IDs...
Chunk 39 completed successfully.
Processing chunk 40 with 500 IDs...
Chunk 40 completed successfully.
Processing chunk 41 with 500 IDs...
Chunk 41 completed successfully.
Processing chunk 42 with 500 IDs...
Chunk 42 completed successfully.
Processing chunk 43 with 500 IDs...
Chunk 43 completed successfully.
Processing chunk 44 with 500 IDs...
Chunk 44 completed successfully.
Processing chunk 45 with 500 IDs...
Chunk 45 completed successfully.
Processing chunk 46 with 500 IDs...
Chunk 46 completed successfully.
Processing chunk 47 with 500 IDs...
Chunk 47 completed successfully.
Processing chunk 48 with 500 IDs...
Chunk 48 completed successfully.
Processing chunk 49 with 500 IDs...
Chunk 49 completed successfully.
Processing chunk 50 with 500 IDs...
Chunk 50 completed successfully.
Processing chunk 51 with 500 IDs...
Chunk 51 completed successfully.
Processing chunk 52 with 500 IDs...
Chunk 52 completed successfully.
Processing chunk 53 with 500 IDs...
Chunk 53 completed successfully.
Processing chunk 54 with 500 IDs...
Chunk 54 completed successfully.
Processing chunk 55 with 500 IDs...
Chunk 55 completed successfully.
Processing chunk 56 with 500 IDs...
Chunk 56 completed successfully.
Processing chunk 57 with 500 IDs...
Chunk 57 completed successfully.
Processing chunk 58 with 500 IDs...
Chunk 58 completed successfully.
Processing chunk 59 with 500 IDs...
Chunk 59 completed successfully.
Processing chunk 60 with 500 IDs...
Chunk 60 completed successfully.
Processing chunk 61 with 500 IDs...
Chunk 61 completed successfully.
Processing chunk 62 with 500 IDs...
Chunk 62 completed successfully.
Processing chunk 63 with 500 IDs...
Chunk 63 completed successfully.
Processing chunk 64 with 500 IDs...
Chunk 64 completed successfully.
Processing chunk 65 with 500 IDs...
Chunk 65 completed successfully.
Processing chunk 66 with 500 IDs...
Chunk 66 completed successfully.
Processing chunk 67 with 500 IDs...
Chunk 67 completed successfully.
Processing chunk 68 with 500 IDs...
Chunk 68 completed successfully.
Processing chunk 69 with 500 IDs...
Chunk 69 completed successfully.
Processing chunk 70 with 500 IDs...
Chunk 70 completed successfully.
Processing chunk 71 with 500 IDs...
Chunk 71 completed successfully.
Processing chunk 72 with 500 IDs...
Chunk 72 completed successfully.
Processing chunk 73 with 500 IDs...
Chunk 73 completed successfully.
Processing chunk 74 with 500 IDs...
Chunk 74 completed successfully.
Processing chunk 75 with 70 IDs...
Chunk 75 completed successfully.
Finished processing SRR14128070 at 2025-01-11 11:45:07.884828
