Start processing SRR14127887 at 2025-01-11 11:48:07.952424
Total UniRef90 IDs: 5930
Processing chunk 1 with 500 IDs...
Chunk 1 completed successfully.
Processing chunk 2 with 500 IDs...
Chunk 2 completed successfully.
Processing chunk 3 with 500 IDs...
Chunk 3 completed successfully.
Processing chunk 4 with 500 IDs...
Chunk 4 completed successfully.
Processing chunk 5 with 500 IDs...
Chunk 5 completed successfully.
Processing chunk 6 with 500 IDs...
Chunk 6 completed successfully.
Processing chunk 7 with 500 IDs...
Chunk 7 completed successfully.
Processing chunk 8 with 500 IDs...
Chunk 8 completed successfully.
Processing chunk 9 with 500 IDs...
Chunk 9 completed successfully.
Processing chunk 10 with 500 IDs...
Chunk 10 completed successfully.
Processing chunk 11 with 500 IDs...
Chunk 11 completed successfully.
Processing chunk 12 with 430 IDs...
Chunk 12 completed successfully.
Finished processing SRR14127887 at 2025-01-11 11:48:43.046706
