Start processing SRR14127933 at 2025-01-11 11:31:41.912967
Total UniRef90 IDs: 9889
Processing chunk 1 with 500 IDs...
Chunk 1 completed successfully.
Processing chunk 2 with 500 IDs...
Chunk 2 completed successfully.
Processing chunk 3 with 500 IDs...
Chunk 3 completed successfully.
Processing chunk 4 with 500 IDs...
Chunk 4 completed successfully.
Processing chunk 5 with 500 IDs...
Chunk 5 completed successfully.
Processing chunk 6 with 500 IDs...
Chunk 6 completed successfully.
Processing chunk 7 with 500 IDs...
Chunk 7 completed successfully.
Processing chunk 8 with 500 IDs...
Chunk 8 completed successfully.
Processing chunk 9 with 500 IDs...
Chunk 9 completed successfully.
Processing chunk 10 with 500 IDs...
Chunk 10 completed successfully.
Processing chunk 11 with 500 IDs...
Chunk 11 completed successfully.
Processing chunk 12 with 500 IDs...
Chunk 12 completed successfully.
Processing chunk 13 with 500 IDs...
Chunk 13 completed successfully.
Processing chunk 14 with 500 IDs...
Chunk 14 completed successfully.
Processing chunk 15 with 500 IDs...
Chunk 15 completed successfully.
Processing chunk 16 with 500 IDs...
Chunk 16 completed successfully.
Processing chunk 17 with 500 IDs...
Chunk 17 completed successfully.
Processing chunk 18 with 500 IDs...
Chunk 18 completed successfully.
Processing chunk 19 with 500 IDs...
Chunk 19 completed successfully.
Processing chunk 20 with 389 IDs...
Chunk 20 completed successfully.
Finished processing SRR14127933 at 2025-01-11 11:32:21.913999
